2019-05-20T16:10:09+00:00 CRITICAL Uncaught Error: Call to a member function get_cart() on null in /home/vfirstad/domains/tamnguyenshop.vn/public_html/wp-content/plugins/woocommerce-quick-buy/includes/common-functions.php:50
Stack trace:
#0 /home/vfirstad/domains/tamnguyenshop.vn/public_html/wp-content/plugins/woocommerce-quick-buy/includes/class-frontend.php(120): wc_qb_product_in_cart(416)
#1 /home/vfirstad/domains/tamnguyenshop.vn/public_html/wp-content/plugins/woocommerce-quick-buy/includes/class-quick-buy-auto-add.php(83): WooCommerce_Quick_Buy_FrontEnd->generate_button(Array)
#2 /home/vfirstad/domains/tamnguyenshop.vn/public_html/wp-includes/class-wp-hook.php(286): WooCommerce_Quick_Buy_Auto_Add->add_shop_quick_buy_button('')
#3 /home/vfirstad/domains/tamnguyenshop.vn/public_html/wp-includes/class-wp-hook.php(310): WP_Hook->apply_filters(NULL, Array)
#4 /home/vfirstad/domains/tamnguyenshop.vn/public_html/wp-includes/plugin.php(465): WP_Hook->do_action(Array)
#5 /home/vfirstad/domains/tamnguyenshop.vn/public_html/wp-content/plugins/woocom in /home/vfirstad/domains/tamnguyenshop.vn/public_html/wp-content/plugins/woocommerce-quick-buy/includes/common-functions.php on line 50

2019-05-20T16:13:11+00:00 CRITICAL Uncaught Error: Call to a member function get_cart() on null in /home/vfirstad/domains/tamnguyenshop.vn/public_html/wp-content/plugins/woocommerce-quick-buy/includes/common-functions.php:50
Stack trace:
#0 /home/vfirstad/domains/tamnguyenshop.vn/public_html/wp-content/plugins/woocommerce-quick-buy/includes/class-frontend.php(120): wc_qb_product_in_cart(416)
#1 /home/vfirstad/domains/tamnguyenshop.vn/public_html/wp-content/plugins/woocommerce-quick-buy/includes/class-quick-buy-auto-add.php(83): WooCommerce_Quick_Buy_FrontEnd->generate_button(Array)
#2 /home/vfirstad/domains/tamnguyenshop.vn/public_html/wp-includes/class-wp-hook.php(286): WooCommerce_Quick_Buy_Auto_Add->add_shop_quick_buy_button('')
#3 /home/vfirstad/domains/tamnguyenshop.vn/public_html/wp-includes/class-wp-hook.php(310): WP_Hook->apply_filters(NULL, Array)
#4 /home/vfirstad/domains/tamnguyenshop.vn/public_html/wp-includes/plugin.php(465): WP_Hook->do_action(Array)
#5 /home/vfirstad/domains/tamnguyenshop.vn/public_html/wp-content/plugins/woocom in /home/vfirstad/domains/tamnguyenshop.vn/public_html/wp-content/plugins/woocommerce-quick-buy/includes/common-functions.php on line 50

2019-05-20T16:13:25+00:00 CRITICAL Uncaught Error: Call to a member function get_cart() on null in /home/vfirstad/domains/tamnguyenshop.vn/public_html/wp-content/plugins/woocommerce-quick-buy/includes/common-functions.php:50
Stack trace:
#0 /home/vfirstad/domains/tamnguyenshop.vn/public_html/wp-content/plugins/woocommerce-quick-buy/includes/class-frontend.php(120): wc_qb_product_in_cart(416)
#1 /home/vfirstad/domains/tamnguyenshop.vn/public_html/wp-content/plugins/woocommerce-quick-buy/includes/class-quick-buy-auto-add.php(83): WooCommerce_Quick_Buy_FrontEnd->generate_button(Array)
#2 /home/vfirstad/domains/tamnguyenshop.vn/public_html/wp-includes/class-wp-hook.php(286): WooCommerce_Quick_Buy_Auto_Add->add_shop_quick_buy_button('')
#3 /home/vfirstad/domains/tamnguyenshop.vn/public_html/wp-includes/class-wp-hook.php(310): WP_Hook->apply_filters(NULL, Array)
#4 /home/vfirstad/domains/tamnguyenshop.vn/public_html/wp-includes/plugin.php(465): WP_Hook->do_action(Array)
#5 /home/vfirstad/domains/tamnguyenshop.vn/public_html/wp-content/plugins/woocom in /home/vfirstad/domains/tamnguyenshop.vn/public_html/wp-content/plugins/woocommerce-quick-buy/includes/common-functions.php on line 50

2019-05-20T16:16:35+00:00 CRITICAL Uncaught Error: Call to a member function get_cart() on null in /home/vfirstad/domains/tamnguyenshop.vn/public_html/wp-content/plugins/woocommerce-quick-buy/includes/common-functions.php:50
Stack trace:
#0 /home/vfirstad/domains/tamnguyenshop.vn/public_html/wp-content/plugins/woocommerce-quick-buy/includes/class-frontend.php(120): wc_qb_product_in_cart(416)
#1 /home/vfirstad/domains/tamnguyenshop.vn/public_html/wp-content/plugins/woocommerce-quick-buy/includes/class-quick-buy-auto-add.php(83): WooCommerce_Quick_Buy_FrontEnd->generate_button(Array)
#2 /home/vfirstad/domains/tamnguyenshop.vn/public_html/wp-includes/class-wp-hook.php(286): WooCommerce_Quick_Buy_Auto_Add->add_shop_quick_buy_button('')
#3 /home/vfirstad/domains/tamnguyenshop.vn/public_html/wp-includes/class-wp-hook.php(310): WP_Hook->apply_filters(NULL, Array)
#4 /home/vfirstad/domains/tamnguyenshop.vn/public_html/wp-includes/plugin.php(465): WP_Hook->do_action(Array)
#5 /home/vfirstad/domains/tamnguyenshop.vn/public_html/wp-content/plugins/woocom in /home/vfirstad/domains/tamnguyenshop.vn/public_html/wp-content/plugins/woocommerce-quick-buy/includes/common-functions.php on line 50

